<?xml version="1.0" encoding="UTF-8"?>
<!-- Generated by org.testng.reporters.JUnitXMLReporter -->
<testsuite ignored="1" hostname="INLEN8520032202" failures="0" tests="3" name="Default test" time="1.926" errors="0" timestamp="2022-06-17T15:43:30 IST">
  <testcase classname="sprint2.EmployeeTest" name="TestGetMethod" time="1.756"/>
  <testcase classname="sprint2.EmployeeTest" name="TestPostMethod" time="0.093"/>
  <testcase classname="sprint2.EmployeeTest" name="TestPutMethod" time="0.034"/>
  <testcase classname="sprint2.EmployeeTest" name="TestDeleteMethod" time="0.0">
    <ignored/>
  </testcase> <!-- TestDeleteMethod -->
</testsuite> <!-- Default test -->
