<?xml version="1.0" encoding="UTF-8"?>
<testng-results ignored="1" total="4" passed="3" failed="0" skipped="0">
  <reporter-output>
  </reporter-output>
  <suite started-at="2022-06-17T15:43:28 IST" name="Default suite" finished-at="2022-06-17T15:43:30 IST" duration-ms="1926">
    <groups>
    </groups>
    <test started-at="2022-06-17T15:43:28 IST" name="Default test" finished-at="2022-06-17T15:43:30 IST" duration-ms="1926">
      <class name="sprint2.EmployeeTest">
        <test-method signature="TestGetMethod()[pri:0, instance:sprint2.EmployeeTest@4470f8a6]" started-at="2022-06-17T15:43:28 IST" name="TestGetMethod" finished-at="2022-06-17T15:43:30 IST" duration-ms="1756" status="PASS">
          <reporter-output>
          </reporter-output>
        </test-method> <!-- TestGetMethod -->
        <test-method signature="TestPostMethod()[pri:1, instance:sprint2.EmployeeTest@4470f8a6]" started-at="2022-06-17T15:43:30 IST" name="TestPostMethod" finished-at="2022-06-17T15:43:30 IST" duration-ms="93" status="PASS">
          <reporter-output>
          </reporter-output>
        </test-method> <!-- TestPostMethod -->
        <test-method signature="TestPutMethod()[pri:2, instance:sprint2.EmployeeTest@4470f8a6]" started-at="2022-06-17T15:43:30 IST" name="TestPutMethod" finished-at="2022-06-17T15:43:30 IST" duration-ms="34" status="PASS">
          <reporter-output>
          </reporter-output>
        </test-method> <!-- TestPutMethod -->
      </class> <!-- sprint2.EmployeeTest -->
    </test> <!-- Default test -->
  </suite> <!-- Default suite -->
</testng-results>
